

n  <Space>ps   * <Lua 128: ~/.config/nvim/after/plugin/telescope.rc.lua:4>
n  <Space>pf   * <Lua 94: ~/.local/share/nvim/site/pack/packer/start/telescope.nvim/lua/telescope/builtin/init.lua:483>
n  <Space>a    * <Lua 50: ~/.local/share/nvim/site/pack/packer/start/harpoon/lua/harpoon/mark.lua:206>
n  <Space>w<Space>m   <Plug>VimwikiMakeTomorrowDiaryNote
n  <Space>w<Space>y   <Plug>VimwikiMakeYesterdayDiaryNote
n  <Space>w<Space>t   <Plug>VimwikiTabMakeDiaryNote
n  <Space>w<Space>w   <Plug>VimwikiMakeDiaryNote
n  <Space>w<Space>i   <Plug>VimwikiDiaryGenerateLinks
n  <Space>wi     <Plug>VimwikiDiaryIndex
n  <Space>ws     <Plug>VimwikiUISelect
n  <Space>wt     <Plug>VimwikiTabIndex
n  <Space>ww     <Plug>VimwikiIndex
n  <Space>M    * :call magit#show_magit('v')<CR>
n  <Space>pv   * <Lua 3: vim/_editor.lua:0>
n  %             <Plug>(MatchitNormalForward)
n  &           * :&&<CR>
                 Nvim builtin
n  Y           * y$
                 Nvim builtin
n  [%            <Plug>(MatchitNormalMultiBackward)
n  ]%            <Plug>(MatchitNormalMultiForward)
n  cS            <Plug>CSurround
n  cs            <Plug>Csurround
n  ds            <Plug>Dsurround
n  gx            <Plug>NetrwBrowseX
n  g%            <Plug>(MatchitNormalBackward)
n  ySS           <Plug>YSsurround
n  ySs           <Plug>YSsurround
n  yss           <Plug>Yssurround
n  yS            <Plug>YSurround
n  ys            <Plug>Ysurround
n  <C-P>       * <Lua 104: ~/.local/share/nvim/site/pack/packer/start/telescope.nvim/lua/telescope/builtin/init.lua:483>
n  <C-4>       * <Lua 74: ~/.config/nvim/after/plugin/harpoon.lua:10>
n  <C-3>       * <Lua 73: ~/.config/nvim/after/plugin/harpoon.lua:9>
n  <C-2>       * <Lua 72: ~/.config/nvim/after/plugin/harpoon.lua:8>
n  <C-1>       * <Lua 71: ~/.config/nvim/after/plugin/harpoon.lua:7>

